2019-10-02 20:05:10,357 ERROR [orbbec.ni.device_streamset] failed to open device: 	Could not open "2bc5/0403@3/7": Failed to send a USB control request!

2019-10-02 20:07:39,601 ERROR [orbbec.ni.device_streamset] failed to open device: 	Could not open "2bc5/0403@3/10": Failed to send a USB control request!

2019-10-02 20:08:00,061 ERROR [orbbec.ni.device_streamset] failed to open device: 	Could not open "2bc5/0403@3/10": Failed to send a USB control request!

2019-10-02 20:08:57,729 ERROR [orbbec.ni.device_streamset] failed to open device: 	Could not open "2bc5/0403@3/10": Failed to send a USB control request!

2019-10-03 04:06:12,062 ERROR [astra] Body Tracking Error: 0x500005c1 Please contact Orbbec support.
2019-10-03 04:06:12,062 ERROR [astra] Body Tracking Error: 0x500005c9 Invalid Orbbec Body Tracking license. Please contact Orbbec support.
2019-10-03 04:06:53,819 ERROR [orbbec.ni.device_streamset] failed to open device: 	Could not open "2bc5/0403@3/10": Failed to send a USB control request!

2019-10-03 04:07:30,844 ERROR [orbbec.ni.device_streamset] failed to open device: 	Could not open "2bc5/0403@3/10": Failed to send a USB control request!

2019-10-03 04:07:46,885 ERROR [orbbec.ni.device_streamset] failed to open device: 	Could not open "2bc5/0403@3/13": Failed to send a USB control request!

2019-10-03 04:07:49,817 ERROR [orbbec.ni.device_streamset] failed to open device: 	Could not open "2bc5/0403@3/13": Failed to send a USB control request!

2019-10-03 04:08:20,187 ERROR [orbbec.ni.device_streamset] failed to open device: 	Could not open "2bc5/0403@3/13": Failed to receive a USB control request!

2019-10-03 04:08:36,087 ERROR [orbbec.ni.device_streamset] failed to open device: 	Could not open "2bc5/0403@3/13": Failed to receive a USB control request!

2019-10-03 04:08:51,873 ERROR [orbbec.ni.device_streamset] failed to open device: 	Could not open "2bc5/0403@3/16": Failed to send a USB control request!

2019-10-03 04:09:35,289 ERROR [orbbec.ni.device_streamset] failed to open device: 	Could not open "2bc5/0403@3/16": Failed to send a USB control request!

2019-10-03 04:44:43,110 ERROR [orbbec.ni.device_streamset] failed to open device: 	Could not open "2bc5/0403@3/16": Failed to send a USB control request!

2019-10-03 13:45:05,767 ERROR [astra] Body Tracking Error: 0x50000c81 Please contact Orbbec support.
2019-10-03 13:45:05,767 ERROR [astra] Body Tracking Error: 0x50000c89 Invalid Orbbec Body Tracking license. Please contact Orbbec support.
2019-10-03 13:46:00,110 ERROR [astra] Body Tracking Error: 0x50000cc1 Please contact Orbbec support.
2019-10-03 13:46:00,110 ERROR [astra] Body Tracking Error: 0x50000cc9 Invalid Orbbec Body Tracking license. Please contact Orbbec support.
2019-10-03 13:46:30,859 ERROR [astra] Body Tracking Error: 0x50000ba1 Please contact Orbbec support.
2019-10-03 13:46:30,859 ERROR [astra] Body Tracking Error: 0x50000ba9 Invalid Orbbec Body Tracking license. Please contact Orbbec support.
2019-10-03 13:47:45,465 ERROR [astra] Body Tracking Error: 0x50000b41 Please contact Orbbec support.
2019-10-03 13:47:45,465 ERROR [astra] Body Tracking Error: 0x50000b49 Invalid Orbbec Body Tracking license. Please contact Orbbec support.
2019-10-03 13:48:22,706 ERROR [astra] Body Tracking Error: 0x50000ad1 Please contact Orbbec support.
2019-10-03 13:48:22,706 ERROR [astra] Body Tracking Error: 0x50000ad9 Invalid Orbbec Body Tracking license. Please contact Orbbec support.
2019-10-03 13:51:22,147 ERROR [astra] Body Tracking Error: 0x50000cb1 Please contact Orbbec support.
2019-10-03 13:51:22,147 ERROR [astra] Body Tracking Error: 0x50000cc9 Invalid Orbbec Body Tracking license. Please contact Orbbec support.
2019-10-03 13:57:49,568 ERROR [astra] Body Tracking Error: 0x50000b71 Please contact Orbbec support.
2019-10-03 13:57:49,568 ERROR [astra] Body Tracking Error: 0x50000b79 Invalid Orbbec Body Tracking license. Please contact Orbbec support.
2019-10-03 13:58:30,539 ERROR [astra] Body Tracking Error: 0x50000d31 Please contact Orbbec support.
2019-10-03 13:58:30,539 ERROR [astra] Body Tracking Error: 0x50000d49 Invalid Orbbec Body Tracking license. Please contact Orbbec support.
2019-10-03 14:01:40,320 ERROR [astra] Body Tracking Error: 0x50000be1 Please contact Orbbec support.
2019-10-03 14:01:40,320 ERROR [astra] Body Tracking Error: 0x50000be9 Invalid Orbbec Body Tracking license. Please contact Orbbec support.
2019-10-03 14:02:18,890 ERROR [astra] Body Tracking Error: 0x50000af1 Please contact Orbbec support.
2019-10-03 14:02:18,890 ERROR [astra] Body Tracking Error: 0x50000b09 Invalid Orbbec Body Tracking license. Please contact Orbbec support.
2019-10-03 14:03:24,463 ERROR [astra] Body Tracking Error: 0x50000b31 Please contact Orbbec support.
2019-10-03 14:03:24,463 ERROR [astra] Body Tracking Error: 0x50000b39 Invalid Orbbec Body Tracking license. Please contact Orbbec support.
2019-10-03 14:03:55,607 ERROR [astra] Body Tracking Error: 0x50000b41 Please contact Orbbec support.
2019-10-03 14:03:55,608 ERROR [astra] Body Tracking Error: 0x50000b49 Invalid Orbbec Body Tracking license. Please contact Orbbec support.
2019-10-03 14:04:15,633 ERROR [astra] Body Tracking Error: 0x50000ae1 Please contact Orbbec support.
2019-10-03 14:04:15,633 ERROR [astra] Body Tracking Error: 0x50000ae9 Invalid Orbbec Body Tracking license. Please contact Orbbec support.
2019-10-03 14:06:26,707 ERROR [astra] Body Tracking Error: 0x50000b41 Please contact Orbbec support.
2019-10-03 14:06:26,707 ERROR [astra] Body Tracking Error: 0x50000b49 Invalid Orbbec Body Tracking license. Please contact Orbbec support.
2019-10-03 14:06:57,782 ERROR [astra] Body Tracking Error: 0x50000b21 Please contact Orbbec support.
2019-10-03 14:06:57,782 ERROR [astra] Body Tracking Error: 0x50000b29 Invalid Orbbec Body Tracking license. Please contact Orbbec support.
2019-10-03 14:07:22,283 ERROR [astra] Body Tracking Error: 0x50000b71 Please contact Orbbec support.
2019-10-03 14:07:22,283 ERROR [astra] Body Tracking Error: 0x50000b79 Invalid Orbbec Body Tracking license. Please contact Orbbec support.
2019-10-03 14:08:19,081 ERROR [astra] Body Tracking Error: 0x50000b31 Please contact Orbbec support.
2019-10-03 14:08:19,081 ERROR [astra] Body Tracking Error: 0x50000b39 Invalid Orbbec Body Tracking license. Please contact Orbbec support.
2019-10-03 14:08:38,688 ERROR [astra] Body Tracking Error: 0x50000bb1 Please contact Orbbec support.
2019-10-03 14:08:38,688 ERROR [astra] Body Tracking Error: 0x50000bb9 Invalid Orbbec Body Tracking license. Please contact Orbbec support.
2019-10-03 14:09:17,393 ERROR [astra] Body Tracking Error: 0x50000b41 Please contact Orbbec support.
2019-10-03 14:09:17,393 ERROR [astra] Body Tracking Error: 0x50000b49 Invalid Orbbec Body Tracking license. Please contact Orbbec support.
2019-10-03 14:09:48,741 ERROR [astra] Body Tracking Error: 0x50000b21 Please contact Orbbec support.
2019-10-03 14:09:48,741 ERROR [astra] Body Tracking Error: 0x50000b29 Invalid Orbbec Body Tracking license. Please contact Orbbec support.
2019-10-03 14:10:15,133 ERROR [astra] Body Tracking Error: 0x50000b01 Please contact Orbbec support.
2019-10-03 14:10:15,133 ERROR [astra] Body Tracking Error: 0x50000b19 Invalid Orbbec Body Tracking license. Please contact Orbbec support.
2019-10-03 14:10:48,201 ERROR [astra] Body Tracking Error: 0x50000b81 Please contact Orbbec support.
2019-10-03 14:10:48,201 ERROR [astra] Body Tracking Error: 0x50000b89 Invalid Orbbec Body Tracking license. Please contact Orbbec support.
2019-10-03 14:12:13,071 ERROR [astra] Body Tracking Error: 0x50000b11 Please contact Orbbec support.
2019-10-03 14:12:13,071 ERROR [astra] Body Tracking Error: 0x50000b19 Invalid Orbbec Body Tracking license. Please contact Orbbec support.
2019-10-03 14:12:34,347 ERROR [astra] Body Tracking Error: 0x50000b71 Please contact Orbbec support.
2019-10-03 14:12:34,347 ERROR [astra] Body Tracking Error: 0x50000b79 Invalid Orbbec Body Tracking license. Please contact Orbbec support.
2019-10-03 14:16:29,752 ERROR [astra] Body Tracking Error: 0x50000b11 Please contact Orbbec support.
2019-10-03 14:16:29,752 ERROR [astra] Body Tracking Error: 0x50000b19 Invalid Orbbec Body Tracking license. Please contact Orbbec support.
2019-10-03 14:16:44,961 ERROR [astra] Body Tracking Error: 0x50000b11 Please contact Orbbec support.
2019-10-03 14:16:44,961 ERROR [astra] Body Tracking Error: 0x50000b19 Invalid Orbbec Body Tracking license. Please contact Orbbec support.
2019-10-03 14:17:45,998 ERROR [astra] Body Tracking Error: 0x50000ac1 Please contact Orbbec support.
2019-10-03 14:17:45,998 ERROR [astra] Body Tracking Error: 0x50000ac9 Invalid Orbbec Body Tracking license. Please contact Orbbec support.
2019-10-03 14:18:14,256 ERROR [astra] Body Tracking Error: 0x50000b31 Please contact Orbbec support.
2019-10-03 14:18:14,256 ERROR [astra] Body Tracking Error: 0x50000b39 Invalid Orbbec Body Tracking license. Please contact Orbbec support.
2019-10-03 14:19:02,492 ERROR [astra] Body Tracking Error: 0x50000b21 Please contact Orbbec support.
2019-10-03 14:19:02,492 ERROR [astra] Body Tracking Error: 0x50000b39 Invalid Orbbec Body Tracking license. Please contact Orbbec support.
2019-10-03 14:19:51,565 ERROR [astra] Body Tracking Error: 0x50000b11 Please contact Orbbec support.
2019-10-03 14:19:51,565 ERROR [astra] Body Tracking Error: 0x50000b19 Invalid Orbbec Body Tracking license. Please contact Orbbec support.
2019-10-03 14:22:18,961 ERROR [astra] Body Tracking Error: 0x50000af1 Please contact Orbbec support.
2019-10-03 14:22:18,962 ERROR [astra] Body Tracking Error: 0x50000af9 Invalid Orbbec Body Tracking license. Please contact Orbbec support.
2019-10-03 14:24:28,214 ERROR [astra] Body Tracking Error: 0x50000b51 Please contact Orbbec support.
2019-10-03 14:24:28,214 ERROR [astra] Body Tracking Error: 0x50000b59 Invalid Orbbec Body Tracking license. Please contact Orbbec support.
2019-10-03 14:24:43,885 ERROR [astra] Body Tracking Error: 0x50000af1 Please contact Orbbec support.
2019-10-03 14:24:43,885 ERROR [astra] Body Tracking Error: 0x50000af9 Invalid Orbbec Body Tracking license. Please contact Orbbec support.
2019-10-03 14:25:05,855 ERROR [astra] Body Tracking Error: 0x50000bb1 Please contact Orbbec support.
2019-10-03 14:25:05,855 ERROR [astra] Body Tracking Error: 0x50000bb9 Invalid Orbbec Body Tracking license. Please contact Orbbec support.
2019-10-03 14:25:24,676 ERROR [astra] Body Tracking Error: 0x50000af1 Please contact Orbbec support.
2019-10-03 14:25:24,676 ERROR [astra] Body Tracking Error: 0x50000af9 Invalid Orbbec Body Tracking license. Please contact Orbbec support.
2019-10-03 14:25:39,551 ERROR [astra] Body Tracking Error: 0x50000ae1 Please contact Orbbec support.
2019-10-03 14:25:39,551 ERROR [astra] Body Tracking Error: 0x50000ae9 Invalid Orbbec Body Tracking license. Please contact Orbbec support.
2019-10-03 14:25:51,453 ERROR [astra] Body Tracking Error: 0x50000b21 Please contact Orbbec support.
2019-10-03 14:25:51,453 ERROR [astra] Body Tracking Error: 0x50000b29 Invalid Orbbec Body Tracking license. Please contact Orbbec support.
2019-10-03 14:26:04,990 ERROR [astra] Body Tracking Error: 0x50000b01 Please contact Orbbec support.
2019-10-03 14:26:04,990 ERROR [astra] Body Tracking Error: 0x50000b19 Invalid Orbbec Body Tracking license. Please contact Orbbec support.
2019-10-03 14:26:24,904 ERROR [astra] Body Tracking Error: 0x50000b71 Please contact Orbbec support.
2019-10-03 14:26:24,904 ERROR [astra] Body Tracking Error: 0x50000b89 Invalid Orbbec Body Tracking license. Please contact Orbbec support.
2019-10-03 14:26:41,043 ERROR [astra] Body Tracking Error: 0x50000af1 Please contact Orbbec support.
2019-10-03 14:26:41,043 ERROR [astra] Body Tracking Error: 0x50000af9 Invalid Orbbec Body Tracking license. Please contact Orbbec support.
2019-10-03 14:27:37,524 ERROR [astra] Body Tracking Error: 0x50000b21 Please contact Orbbec support.
2019-10-03 14:27:37,525 ERROR [astra] Body Tracking Error: 0x50000b29 Invalid Orbbec Body Tracking license. Please contact Orbbec support.
2019-10-07 03:44:02,829 ERROR [astra] Body Tracking Error: 0x50000641 Please contact Orbbec support.
2019-10-07 03:44:02,829 ERROR [astra] Body Tracking Error: 0x50000649 Invalid Orbbec Body Tracking license. Please contact Orbbec support.
2019-10-07 05:49:50,879 ERROR [orbbec.ni.device_streamset] failed to open device: 	Could not open "2bc5/0403@3/32": Failed to receive a USB control request!

2019-10-07 05:50:04,239 ERROR [orbbec.ni.device_streamset] failed to open device: 	Could not open "2bc5/0403@3/32": Failed to send a USB control request!

2019-10-07 05:50:27,209 ERROR [orbbec.ni.device_streamset] failed to open device: 	Could not open "2bc5/0403@3/32": Failed to send a USB control request!

2019-10-07 05:51:32,577 ERROR [orbbec.ni.device_streamset] failed to open device: 	Could not open "2bc5/0403@3/36": Failed to send a USB control request!

2019-10-07 05:53:36,007 ERROR [orbbec.ni.device_streamset] failed to open device: 	Could not open "2bc5/0403@3/36": Failed to send a USB control request!

2019-10-07 05:54:52,261 ERROR [orbbec.ni.device_streamset] failed to open device: 	Could not open "2bc5/0403@3/36": Failed to send a USB control request!

2019-10-07 05:55:34,647 ERROR [orbbec.ni.device_streamset] failed to open device: 	Could not open "2bc5/0403@3/39": Failed to send a USB control request!

2019-10-07 06:15:24,840 ERROR [astra] Body Tracking Error: 0x50000591 Please contact Orbbec support.
2019-10-07 06:15:24,840 ERROR [astra] Body Tracking Error: 0x50000599 Invalid Orbbec Body Tracking license. Please contact Orbbec support.
2019-10-07 06:15:34,126 ERROR [astra] Body Tracking Error: 0x50000641 Please contact Orbbec support.
2019-10-07 06:15:34,126 ERROR [astra] Body Tracking Error: 0x50000649 Invalid Orbbec Body Tracking license. Please contact Orbbec support.
2019-10-07 06:16:13,805 ERROR [astra] Body Tracking Error: 0x50000581 Please contact Orbbec support.
2019-10-07 06:16:13,805 ERROR [astra] Body Tracking Error: 0x50000589 Invalid Orbbec Body Tracking license. Please contact Orbbec support.
2019-10-08 01:44:03,483 ERROR [astra] Body Tracking Error: 0x50000681 Please contact Orbbec support.
2019-10-08 01:44:03,483 ERROR [astra] Body Tracking Error: 0x50000689 Invalid Orbbec Body Tracking license. Please contact Orbbec support.
2019-10-08 01:44:12,505 ERROR [astra] Body Tracking Error: 0x500005d1 Please contact Orbbec support.
2019-10-08 01:44:12,505 ERROR [astra] Body Tracking Error: 0x500005d9 Invalid Orbbec Body Tracking license. Please contact Orbbec support.
2019-10-08 01:44:18,429 ERROR [astra] Body Tracking Error: 0x50000601 Please contact Orbbec support.
2019-10-08 01:44:18,429 ERROR [astra] Body Tracking Error: 0x50000609 Invalid Orbbec Body Tracking license. Please contact Orbbec support.
2019-10-08 02:43:51,273 ERROR [orbbec.ni.LibuvcColorStream] unable to open stream: I/O error
2019-10-08 02:43:51,273 ERROR [orbbec.ni.device_streamset] could not open uvc-based color stream
2019-10-08 02:43:51,531 ERROR [orbbec.ni.LibuvcColorStream] unable to open libuvc device: Busy
2019-10-08 02:43:51,531 ERROR [orbbec.ni.device_streamset] could not open uvc-based color stream
2019-10-08 02:43:51,789 ERROR [orbbec.ni.LibuvcColorStream] unable to open libuvc device: Busy
2019-10-08 02:43:51,789 ERROR [orbbec.ni.device_streamset] could not open uvc-based color stream
2019-10-08 02:43:52,056 ERROR [orbbec.ni.LibuvcColorStream] unable to open libuvc device: Busy
2019-10-08 02:43:52,056 ERROR [orbbec.ni.device_streamset] could not open uvc-based color stream
2019-10-08 02:43:52,314 ERROR [orbbec.ni.LibuvcColorStream] unable to open libuvc device: Busy
2019-10-08 02:43:52,314 ERROR [orbbec.ni.device_streamset] could not open uvc-based color stream
2019-10-08 02:43:52,578 ERROR [orbbec.ni.LibuvcColorStream] unable to open libuvc device: Busy
2019-10-08 02:43:52,578 ERROR [orbbec.ni.device_streamset] could not open uvc-based color stream
2019-10-08 02:43:52,841 ERROR [orbbec.ni.LibuvcColorStream] unable to open libuvc device: Busy
2019-10-08 02:43:52,841 ERROR [orbbec.ni.device_streamset] could not open uvc-based color stream
2019-10-08 02:43:53,105 ERROR [orbbec.ni.LibuvcColorStream] unable to open libuvc device: Busy
2019-10-08 02:43:53,105 ERROR [orbbec.ni.device_streamset] could not open uvc-based color stream
2019-10-08 02:43:53,362 ERROR [orbbec.ni.LibuvcColorStream] unable to open libuvc device: Busy
2019-10-08 02:43:53,362 ERROR [orbbec.ni.device_streamset] could not open uvc-based color stream
2019-10-08 02:43:53,619 ERROR [orbbec.ni.LibuvcColorStream] unable to open libuvc device: Busy
2019-10-08 02:43:53,620 ERROR [orbbec.ni.device_streamset] could not open uvc-based color stream
2019-10-08 02:43:53,894 ERROR [orbbec.ni.LibuvcColorStream] unable to open libuvc device: Busy
2019-10-08 02:43:53,894 ERROR [orbbec.ni.device_streamset] could not open uvc-based color stream
2019-10-08 02:43:54,157 ERROR [orbbec.ni.LibuvcColorStream] unable to open libuvc device: Busy
2019-10-08 02:43:54,157 ERROR [orbbec.ni.device_streamset] could not open uvc-based color stream
2019-10-08 02:43:54,417 ERROR [orbbec.ni.LibuvcColorStream] unable to open libuvc device: Busy
2019-10-08 02:43:54,417 ERROR [orbbec.ni.device_streamset] could not open uvc-based color stream
2019-10-08 02:43:54,672 ERROR [orbbec.ni.LibuvcColorStream] unable to open libuvc device: Busy
2019-10-08 02:43:54,672 ERROR [orbbec.ni.device_streamset] could not open uvc-based color stream
2019-10-08 02:43:54,928 ERROR [orbbec.ni.LibuvcColorStream] unable to open libuvc device: Busy
2019-10-08 02:43:54,928 ERROR [orbbec.ni.device_streamset] could not open uvc-based color stream
2019-10-08 02:43:55,184 ERROR [orbbec.ni.LibuvcColorStream] unable to open libuvc device: Busy
2019-10-08 02:43:55,185 ERROR [orbbec.ni.device_streamset] could not open uvc-based color stream
2019-10-08 02:43:55,442 ERROR [orbbec.ni.LibuvcColorStream] unable to open libuvc device: Busy
2019-10-08 02:43:55,442 ERROR [orbbec.ni.device_streamset] could not open uvc-based color stream
2019-10-08 02:43:55,700 ERROR [orbbec.ni.LibuvcColorStream] unable to open libuvc device: Busy
2019-10-08 02:43:55,701 ERROR [orbbec.ni.device_streamset] could not open uvc-based color stream
2019-10-08 02:43:55,961 ERROR [orbbec.ni.LibuvcColorStream] unable to open libuvc device: Busy
2019-10-08 02:43:55,961 ERROR [orbbec.ni.device_streamset] could not open uvc-based color stream
2019-10-08 02:43:56,220 ERROR [orbbec.ni.LibuvcColorStream] unable to open libuvc device: Busy
2019-10-08 02:43:56,220 ERROR [orbbec.ni.device_streamset] could not open uvc-based color stream
2019-10-08 02:43:56,481 ERROR [orbbec.ni.LibuvcColorStream] unable to open libuvc device: Busy
2019-10-08 02:43:56,481 ERROR [orbbec.ni.device_streamset] could not open uvc-based color stream
2019-10-08 02:43:56,742 ERROR [orbbec.ni.LibuvcColorStream] unable to open libuvc device: Busy
2019-10-08 02:43:56,742 ERROR [orbbec.ni.device_streamset] could not open uvc-based color stream
2019-10-08 02:43:57,012 ERROR [orbbec.ni.LibuvcColorStream] unable to open libuvc device: Busy
2019-10-08 02:43:57,012 ERROR [orbbec.ni.device_streamset] could not open uvc-based color stream
2019-10-08 02:43:57,271 ERROR [orbbec.ni.LibuvcColorStream] unable to open libuvc device: Busy
2019-10-08 02:43:57,271 ERROR [orbbec.ni.device_streamset] could not open uvc-based color stream
2019-10-08 02:43:57,528 ERROR [orbbec.ni.LibuvcColorStream] unable to open libuvc device: Busy
2019-10-08 02:43:57,529 ERROR [orbbec.ni.device_streamset] could not open uvc-based color stream
2019-10-08 02:43:57,785 ERROR [orbbec.ni.LibuvcColorStream] unable to open libuvc device: Busy
2019-10-08 02:43:57,785 ERROR [orbbec.ni.device_streamset] could not open uvc-based color stream
2019-10-08 02:43:58,043 ERROR [orbbec.ni.LibuvcColorStream] unable to open libuvc device: Busy
2019-10-08 02:43:58,043 ERROR [orbbec.ni.device_streamset] could not open uvc-based color stream
2019-10-08 02:43:58,308 ERROR [orbbec.ni.LibuvcColorStream] unable to open libuvc device: Busy
2019-10-08 02:43:58,308 ERROR [orbbec.ni.device_streamset] could not open uvc-based color stream
2019-10-08 02:43:58,580 ERROR [orbbec.ni.LibuvcColorStream] unable to open libuvc device: Busy
2019-10-08 02:43:58,580 ERROR [orbbec.ni.device_streamset] could not open uvc-based color stream
2019-10-08 02:43:58,843 ERROR [orbbec.ni.LibuvcColorStream] unable to open libuvc device: Busy
2019-10-08 02:43:58,843 ERROR [orbbec.ni.device_streamset] could not open uvc-based color stream
2019-10-08 02:43:59,113 ERROR [orbbec.ni.LibuvcColorStream] unable to open libuvc device: Busy
2019-10-08 02:43:59,113 ERROR [orbbec.ni.device_streamset] could not open uvc-based color stream
2019-10-08 02:43:59,381 ERROR [orbbec.ni.LibuvcColorStream] unable to open libuvc device: Busy
2019-10-08 02:43:59,381 ERROR [orbbec.ni.device_streamset] could not open uvc-based color stream
2019-10-08 02:43:59,650 ERROR [orbbec.ni.LibuvcColorStream] unable to open libuvc device: Busy
2019-10-08 02:43:59,650 ERROR [orbbec.ni.device_streamset] could not open uvc-based color stream
2019-10-08 02:43:59,914 ERROR [orbbec.ni.LibuvcColorStream] unable to open libuvc device: Busy
2019-10-08 02:43:59,914 ERROR [orbbec.ni.device_streamset] could not open uvc-based color stream
2019-10-08 02:44:00,176 ERROR [orbbec.ni.LibuvcColorStream] unable to open libuvc device: Busy
2019-10-08 02:44:00,176 ERROR [orbbec.ni.device_streamset] could not open uvc-based color stream
2019-10-08 02:44:00,435 ERROR [orbbec.ni.LibuvcColorStream] unable to open libuvc device: Busy
2019-10-08 02:44:00,435 ERROR [orbbec.ni.device_streamset] could not open uvc-based color stream
2019-10-08 02:44:00,704 ERROR [orbbec.ni.LibuvcColorStream] unable to open libuvc device: Busy
2019-10-08 02:44:00,704 ERROR [orbbec.ni.device_streamset] could not open uvc-based color stream
2019-10-08 02:44:00,960 ERROR [orbbec.ni.LibuvcColorStream] unable to open libuvc device: Busy
2019-10-08 02:44:00,960 ERROR [orbbec.ni.device_streamset] could not open uvc-based color stream
2019-10-08 02:44:01,224 ERROR [orbbec.ni.LibuvcColorStream] unable to open libuvc device: Busy
2019-10-08 02:44:01,224 ERROR [orbbec.ni.device_streamset] could not open uvc-based color stream
2019-10-08 02:44:01,486 ERROR [orbbec.ni.LibuvcColorStream] unable to open libuvc device: Busy
2019-10-08 02:44:01,486 ERROR [orbbec.ni.device_streamset] could not open uvc-based color stream
2019-10-08 02:44:01,742 ERROR [orbbec.ni.LibuvcColorStream] unable to open libuvc device: Busy
2019-10-08 02:44:01,742 ERROR [orbbec.ni.device_streamset] could not open uvc-based color stream
2019-10-08 02:44:02,010 ERROR [orbbec.ni.LibuvcColorStream] unable to open libuvc device: Busy
2019-10-08 02:44:02,010 ERROR [orbbec.ni.device_streamset] could not open uvc-based color stream
2019-10-08 02:44:02,287 ERROR [orbbec.ni.LibuvcColorStream] unable to open libuvc device: Busy
2019-10-08 02:44:02,288 ERROR [orbbec.ni.device_streamset] could not open uvc-based color stream
2019-10-08 02:44:02,553 ERROR [orbbec.ni.LibuvcColorStream] unable to open libuvc device: Busy
2019-10-08 02:44:02,553 ERROR [orbbec.ni.device_streamset] could not open uvc-based color stream
2019-10-08 02:44:02,820 ERROR [orbbec.ni.LibuvcColorStream] unable to open libuvc device: Busy
2019-10-08 02:44:02,820 ERROR [orbbec.ni.device_streamset] could not open uvc-based color stream
2019-10-08 02:44:03,083 ERROR [orbbec.ni.LibuvcColorStream] unable to open libuvc device: Busy
2019-10-08 02:44:03,083 ERROR [orbbec.ni.device_streamset] could not open uvc-based color stream
2019-10-08 02:44:03,362 ERROR [orbbec.ni.LibuvcColorStream] unable to open libuvc device: Busy
2019-10-08 02:44:03,362 ERROR [orbbec.ni.device_streamset] could not open uvc-based color stream
2019-10-08 02:44:03,626 ERROR [orbbec.ni.LibuvcColorStream] unable to open libuvc device: Busy
2019-10-08 02:44:03,626 ERROR [orbbec.ni.device_streamset] could not open uvc-based color stream
2019-10-08 02:44:03,887 ERROR [orbbec.ni.LibuvcColorStream] unable to open libuvc device: Busy
2019-10-08 02:44:03,887 ERROR [orbbec.ni.device_streamset] could not open uvc-based color stream
2019-10-08 02:44:04,157 ERROR [orbbec.ni.LibuvcColorStream] unable to open libuvc device: Busy
2019-10-08 02:44:04,157 ERROR [orbbec.ni.device_streamset] could not open uvc-based color stream
2019-10-08 02:44:04,423 ERROR [orbbec.ni.LibuvcColorStream] unable to open libuvc device: Busy
2019-10-08 02:44:04,423 ERROR [orbbec.ni.device_streamset] could not open uvc-based color stream
2019-10-08 02:44:04,684 ERROR [orbbec.ni.LibuvcColorStream] unable to open libuvc device: Busy
2019-10-08 02:44:04,684 ERROR [orbbec.ni.device_streamset] could not open uvc-based color stream
2019-10-08 02:44:04,947 ERROR [orbbec.ni.LibuvcColorStream] unable to open libuvc device: Busy
2019-10-08 02:44:04,947 ERROR [orbbec.ni.device_streamset] could not open uvc-based color stream
2019-10-08 02:44:05,214 ERROR [orbbec.ni.LibuvcColorStream] unable to open libuvc device: Busy
2019-10-08 02:44:05,214 ERROR [orbbec.ni.device_streamset] could not open uvc-based color stream
2019-10-08 02:44:05,483 ERROR [orbbec.ni.LibuvcColorStream] unable to open libuvc device: Busy
2019-10-08 02:44:05,483 ERROR [orbbec.ni.device_streamset] could not open uvc-based color stream
2019-10-08 02:44:05,747 ERROR [orbbec.ni.LibuvcColorStream] unable to open libuvc device: Busy
2019-10-08 02:44:05,747 ERROR [orbbec.ni.device_streamset] could not open uvc-based color stream
2019-10-08 02:44:06,018 ERROR [orbbec.ni.LibuvcColorStream] unable to open libuvc device: Busy
2019-10-08 02:44:06,018 ERROR [orbbec.ni.device_streamset] could not open uvc-based color stream
2019-10-08 02:44:06,277 ERROR [orbbec.ni.LibuvcColorStream] unable to open libuvc device: Busy
2019-10-08 02:44:06,277 ERROR [orbbec.ni.device_streamset] could not open uvc-based color stream
2019-10-08 02:44:36,629 ERROR [orbbec.ni.LibuvcColorStream] unable to open stream: I/O error
2019-10-08 02:44:36,629 ERROR [orbbec.ni.device_streamset] could not open uvc-based color stream
2019-10-08 02:44:36,888 ERROR [orbbec.ni.LibuvcColorStream] unable to open libuvc device: Busy
2019-10-08 02:44:36,888 ERROR [orbbec.ni.device_streamset] could not open uvc-based color stream
2019-10-08 02:44:37,143 ERROR [orbbec.ni.LibuvcColorStream] unable to open libuvc device: Busy
2019-10-08 02:44:37,143 ERROR [orbbec.ni.device_streamset] could not open uvc-based color stream
2019-10-08 02:44:37,402 ERROR [orbbec.ni.LibuvcColorStream] unable to open libuvc device: Busy
2019-10-08 02:44:37,402 ERROR [orbbec.ni.device_streamset] could not open uvc-based color stream
2019-10-08 02:44:37,662 ERROR [orbbec.ni.LibuvcColorStream] unable to open libuvc device: Busy
2019-10-08 02:44:37,662 ERROR [orbbec.ni.device_streamset] could not open uvc-based color stream
2019-10-08 02:44:37,917 ERROR [orbbec.ni.LibuvcColorStream] unable to open libuvc device: Busy
2019-10-08 02:44:37,917 ERROR [orbbec.ni.device_streamset] could not open uvc-based color stream
2019-10-08 02:44:38,178 ERROR [orbbec.ni.LibuvcColorStream] unable to open libuvc device: Busy
2019-10-08 02:44:38,178 ERROR [orbbec.ni.device_streamset] could not open uvc-based color stream
2019-10-08 02:44:38,436 ERROR [orbbec.ni.LibuvcColorStream] unable to open libuvc device: Busy
2019-10-08 02:44:38,436 ERROR [orbbec.ni.device_streamset] could not open uvc-based color stream
2019-10-08 02:44:38,695 ERROR [orbbec.ni.LibuvcColorStream] unable to open libuvc device: Busy
2019-10-08 02:44:38,695 ERROR [orbbec.ni.device_streamset] could not open uvc-based color stream
2019-10-08 02:44:38,953 ERROR [orbbec.ni.LibuvcColorStream] unable to open libuvc device: Busy
2019-10-08 02:44:38,953 ERROR [orbbec.ni.device_streamset] could not open uvc-based color stream
2019-10-08 02:44:39,212 ERROR [orbbec.ni.LibuvcColorStream] unable to open libuvc device: Busy
2019-10-08 02:44:39,212 ERROR [orbbec.ni.device_streamset] could not open uvc-based color stream
2019-10-08 02:44:39,467 ERROR [orbbec.ni.LibuvcColorStream] unable to open libuvc device: Busy
2019-10-08 02:44:39,467 ERROR [orbbec.ni.device_streamset] could not open uvc-based color stream
2019-10-08 02:44:39,725 ERROR [orbbec.ni.LibuvcColorStream] unable to open libuvc device: Busy
2019-10-08 02:44:39,725 ERROR [orbbec.ni.device_streamset] could not open uvc-based color stream
2019-10-08 02:44:39,981 ERROR [orbbec.ni.LibuvcColorStream] unable to open libuvc device: Busy
2019-10-08 02:44:39,981 ERROR [orbbec.ni.device_streamset] could not open uvc-based color stream
2019-10-08 02:44:40,241 ERROR [orbbec.ni.LibuvcColorStream] unable to open libuvc device: Busy
2019-10-08 02:44:40,241 ERROR [orbbec.ni.device_streamset] could not open uvc-based color stream
2019-10-08 02:44:40,500 ERROR [orbbec.ni.LibuvcColorStream] unable to open libuvc device: Busy
2019-10-08 02:44:40,500 ERROR [orbbec.ni.device_streamset] could not open uvc-based color stream
2019-10-08 02:44:40,755 ERROR [orbbec.ni.LibuvcColorStream] unable to open libuvc device: Busy
2019-10-08 02:44:40,755 ERROR [orbbec.ni.device_streamset] could not open uvc-based color stream
2019-10-08 02:44:41,015 ERROR [orbbec.ni.LibuvcColorStream] unable to open libuvc device: Busy
2019-10-08 02:44:41,015 ERROR [orbbec.ni.device_streamset] could not open uvc-based color stream
2019-10-08 02:44:41,272 ERROR [orbbec.ni.LibuvcColorStream] unable to open libuvc device: Busy
2019-10-08 02:44:41,272 ERROR [orbbec.ni.device_streamset] could not open uvc-based color stream
2019-10-08 02:44:41,530 ERROR [orbbec.ni.LibuvcColorStream] unable to open libuvc device: Busy
2019-10-08 02:44:41,530 ERROR [orbbec.ni.device_streamset] could not open uvc-based color stream
2019-10-08 02:44:41,792 ERROR [orbbec.ni.LibuvcColorStream] unable to open libuvc device: Busy
2019-10-08 02:44:41,792 ERROR [orbbec.ni.device_streamset] could not open uvc-based color stream
2019-10-08 02:44:42,049 ERROR [orbbec.ni.LibuvcColorStream] unable to open libuvc device: Busy
2019-10-08 02:44:42,049 ERROR [orbbec.ni.device_streamset] could not open uvc-based color stream
2019-10-08 02:44:42,309 ERROR [orbbec.ni.LibuvcColorStream] unable to open libuvc device: Busy
2019-10-08 02:44:42,309 ERROR [orbbec.ni.device_streamset] could not open uvc-based color stream
2019-10-08 02:44:42,566 ERROR [orbbec.ni.LibuvcColorStream] unable to open libuvc device: Busy
2019-10-08 02:44:42,566 ERROR [orbbec.ni.device_streamset] could not open uvc-based color stream
2019-10-08 02:44:42,824 ERROR [orbbec.ni.LibuvcColorStream] unable to open libuvc device: Busy
2019-10-08 02:44:42,824 ERROR [orbbec.ni.device_streamset] could not open uvc-based color stream
2019-10-08 02:44:43,087 ERROR [orbbec.ni.LibuvcColorStream] unable to open libuvc device: Busy
2019-10-08 02:44:43,087 ERROR [orbbec.ni.device_streamset] could not open uvc-based color stream
2019-10-08 02:44:43,343 ERROR [orbbec.ni.LibuvcColorStream] unable to open libuvc device: Busy
2019-10-08 02:44:43,343 ERROR [orbbec.ni.device_streamset] could not open uvc-based color stream
2019-10-08 02:44:43,605 ERROR [orbbec.ni.LibuvcColorStream] unable to open libuvc device: Busy
2019-10-08 02:44:43,605 ERROR [orbbec.ni.device_streamset] could not open uvc-based color stream
2019-10-08 02:44:43,863 ERROR [orbbec.ni.LibuvcColorStream] unable to open libuvc device: Busy
2019-10-08 02:44:43,863 ERROR [orbbec.ni.device_streamset] could not open uvc-based color stream
2019-10-08 02:44:44,127 ERROR [orbbec.ni.LibuvcColorStream] unable to open libuvc device: Busy
2019-10-08 02:44:44,127 ERROR [orbbec.ni.device_streamset] could not open uvc-based color stream
2019-10-08 02:44:44,387 ERROR [orbbec.ni.LibuvcColorStream] unable to open libuvc device: Busy
2019-10-08 02:44:44,387 ERROR [orbbec.ni.device_streamset] could not open uvc-based color stream
2019-10-08 02:44:44,654 ERROR [orbbec.ni.LibuvcColorStream] unable to open libuvc device: Busy
2019-10-08 02:44:44,654 ERROR [orbbec.ni.device_streamset] could not open uvc-based color stream
2019-10-08 02:44:44,909 ERROR [orbbec.ni.LibuvcColorStream] unable to open libuvc device: Busy
2019-10-08 02:44:44,909 ERROR [orbbec.ni.device_streamset] could not open uvc-based color stream
2019-10-08 02:44:45,174 ERROR [orbbec.ni.LibuvcColorStream] unable to open libuvc device: Busy
2019-10-08 02:44:45,174 ERROR [orbbec.ni.device_streamset] could not open uvc-based color stream
2019-10-08 02:44:45,429 ERROR [orbbec.ni.LibuvcColorStream] unable to open libuvc device: Busy
2019-10-08 02:44:45,429 ERROR [orbbec.ni.device_streamset] could not open uvc-based color stream
2019-10-08 02:44:45,694 ERROR [orbbec.ni.LibuvcColorStream] unable to open libuvc device: Busy
2019-10-08 02:44:45,694 ERROR [orbbec.ni.device_streamset] could not open uvc-based color stream
2019-10-08 02:44:45,949 ERROR [orbbec.ni.LibuvcColorStream] unable to open libuvc device: Busy
2019-10-08 02:44:45,949 ERROR [orbbec.ni.device_streamset] could not open uvc-based color stream
2019-10-08 02:44:46,205 ERROR [orbbec.ni.LibuvcColorStream] unable to open libuvc device: Busy
2019-10-08 02:44:46,205 ERROR [orbbec.ni.device_streamset] could not open uvc-based color stream
2019-10-08 02:44:46,461 ERROR [orbbec.ni.LibuvcColorStream] unable to open libuvc device: Busy
2019-10-08 02:44:46,462 ERROR [orbbec.ni.device_streamset] could not open uvc-based color stream
2019-10-08 02:44:46,722 ERROR [orbbec.ni.LibuvcColorStream] unable to open libuvc device: Busy
2019-10-08 02:44:46,722 ERROR [orbbec.ni.device_streamset] could not open uvc-based color stream
2019-10-08 02:44:46,979 ERROR [orbbec.ni.LibuvcColorStream] unable to open libuvc device: Busy
2019-10-08 02:44:46,979 ERROR [orbbec.ni.device_streamset] could not open uvc-based color stream
2019-10-08 02:44:47,246 ERROR [orbbec.ni.LibuvcColorStream] unable to open libuvc device: Busy
2019-10-08 02:44:47,246 ERROR [orbbec.ni.device_streamset] could not open uvc-based color stream
2019-10-08 02:44:47,528 ERROR [orbbec.ni.LibuvcColorStream] unable to open libuvc device: Busy
2019-10-08 02:44:47,528 ERROR [orbbec.ni.device_streamset] could not open uvc-based color stream
2019-10-08 02:44:47,809 ERROR [orbbec.ni.LibuvcColorStream] unable to open libuvc device: Busy
2019-10-08 02:44:47,809 ERROR [orbbec.ni.device_streamset] could not open uvc-based color stream
2019-10-08 02:44:48,097 ERROR [orbbec.ni.LibuvcColorStream] unable to open libuvc device: Busy
2019-10-08 02:44:48,097 ERROR [orbbec.ni.device_streamset] could not open uvc-based color stream
2019-10-08 02:44:48,379 ERROR [orbbec.ni.LibuvcColorStream] unable to open libuvc device: Busy
2019-10-08 02:44:48,379 ERROR [orbbec.ni.device_streamset] could not open uvc-based color stream
2019-10-08 02:44:48,659 ERROR [orbbec.ni.LibuvcColorStream] unable to open libuvc device: Busy
2019-10-08 02:44:48,659 ERROR [orbbec.ni.device_streamset] could not open uvc-based color stream
2019-10-08 02:44:48,939 ERROR [orbbec.ni.LibuvcColorStream] unable to open libuvc device: Busy
2019-10-08 02:44:48,939 ERROR [orbbec.ni.device_streamset] could not open uvc-based color stream
2019-10-08 02:44:49,219 ERROR [orbbec.ni.LibuvcColorStream] unable to open libuvc device: Busy
2019-10-08 02:44:49,219 ERROR [orbbec.ni.device_streamset] could not open uvc-based color stream
2019-10-08 02:44:49,500 ERROR [orbbec.ni.LibuvcColorStream] unable to open libuvc device: Busy
2019-10-08 02:44:49,500 ERROR [orbbec.ni.device_streamset] could not open uvc-based color stream
2019-10-08 02:44:49,780 ERROR [orbbec.ni.LibuvcColorStream] unable to open libuvc device: Busy
2019-10-08 02:44:49,780 ERROR [orbbec.ni.device_streamset] could not open uvc-based color stream
2019-10-08 02:44:50,061 ERROR [orbbec.ni.LibuvcColorStream] unable to open libuvc device: Busy
2019-10-08 02:44:50,061 ERROR [orbbec.ni.device_streamset] could not open uvc-based color stream
2019-10-08 02:44:50,341 ERROR [orbbec.ni.LibuvcColorStream] unable to open libuvc device: Busy
2019-10-08 02:44:50,341 ERROR [orbbec.ni.device_streamset] could not open uvc-based color stream
2019-10-08 02:44:50,622 ERROR [orbbec.ni.LibuvcColorStream] unable to open libuvc device: Busy
2019-10-08 02:44:50,622 ERROR [orbbec.ni.device_streamset] could not open uvc-based color stream
2019-10-08 02:44:50,902 ERROR [orbbec.ni.LibuvcColorStream] unable to open libuvc device: Busy
2019-10-08 02:44:50,902 ERROR [orbbec.ni.device_streamset] could not open uvc-based color stream
2019-10-08 02:44:51,182 ERROR [orbbec.ni.LibuvcColorStream] unable to open libuvc device: Busy
2019-10-08 02:44:51,182 ERROR [orbbec.ni.device_streamset] could not open uvc-based color stream
2019-10-08 02:44:51,462 ERROR [orbbec.ni.LibuvcColorStream] unable to open libuvc device: Busy
2019-10-08 02:44:51,462 ERROR [orbbec.ni.device_streamset] could not open uvc-based color stream
2019-10-08 02:44:51,742 ERROR [orbbec.ni.LibuvcColorStream] unable to open libuvc device: Busy
2019-10-08 02:44:51,756 ERROR [orbbec.ni.device_streamset] could not open uvc-based color stream
2019-10-08 02:44:52,036 ERROR [orbbec.ni.LibuvcColorStream] unable to open libuvc device: Busy
2019-10-08 02:44:52,036 ERROR [orbbec.ni.device_streamset] could not open uvc-based color stream
2019-10-08 02:44:52,316 ERROR [orbbec.ni.LibuvcColorStream] unable to open libuvc device: Busy
2019-10-08 02:44:52,316 ERROR [orbbec.ni.device_streamset] could not open uvc-based color stream
2019-10-08 02:44:52,596 ERROR [orbbec.ni.LibuvcColorStream] unable to open libuvc device: Busy
2019-10-08 02:44:52,596 ERROR [orbbec.ni.device_streamset] could not open uvc-based color stream
2019-10-08 02:44:52,877 ERROR [orbbec.ni.LibuvcColorStream] unable to open libuvc device: Busy
2019-10-08 02:44:52,877 ERROR [orbbec.ni.device_streamset] could not open uvc-based color stream
2019-10-08 02:44:53,157 ERROR [orbbec.ni.LibuvcColorStream] unable to open libuvc device: Busy
2019-10-08 02:44:53,157 ERROR [orbbec.ni.device_streamset] could not open uvc-based color stream
2019-10-08 02:44:53,437 ERROR [orbbec.ni.LibuvcColorStream] unable to open libuvc device: Busy
2019-10-08 02:44:53,437 ERROR [orbbec.ni.device_streamset] could not open uvc-based color stream
2019-10-08 02:44:53,717 ERROR [orbbec.ni.LibuvcColorStream] unable to open libuvc device: Busy
2019-10-08 02:44:53,717 ERROR [orbbec.ni.device_streamset] could not open uvc-based color stream
2019-10-08 02:44:53,998 ERROR [orbbec.ni.LibuvcColorStream] unable to open libuvc device: Busy
2019-10-08 02:44:53,998 ERROR [orbbec.ni.device_streamset] could not open uvc-based color stream
2019-10-08 02:44:54,278 ERROR [orbbec.ni.LibuvcColorStream] unable to open libuvc device: Busy
2019-10-08 02:44:54,278 ERROR [orbbec.ni.device_streamset] could not open uvc-based color stream
2019-10-08 02:44:54,558 ERROR [orbbec.ni.LibuvcColorStream] unable to open libuvc device: Busy
2019-10-08 02:44:54,558 ERROR [orbbec.ni.device_streamset] could not open uvc-based color stream
2019-10-08 02:44:54,839 ERROR [orbbec.ni.LibuvcColorStream] unable to open libuvc device: Busy
2019-10-08 02:44:54,839 ERROR [orbbec.ni.device_streamset] could not open uvc-based color stream
2019-10-08 02:44:55,119 ERROR [orbbec.ni.LibuvcColorStream] unable to open libuvc device: Busy
2019-10-08 02:44:55,119 ERROR [orbbec.ni.device_streamset] could not open uvc-based color stream
2019-10-08 02:44:55,399 ERROR [orbbec.ni.LibuvcColorStream] unable to open libuvc device: Busy
2019-10-08 02:44:55,399 ERROR [orbbec.ni.device_streamset] could not open uvc-based color stream
2019-10-08 02:44:55,679 ERROR [orbbec.ni.LibuvcColorStream] unable to open libuvc device: Busy
2019-10-08 02:44:55,679 ERROR [orbbec.ni.device_streamset] could not open uvc-based color stream
2019-10-08 02:44:55,959 ERROR [orbbec.ni.LibuvcColorStream] unable to open libuvc device: Busy
2019-10-08 02:44:55,959 ERROR [orbbec.ni.device_streamset] could not open uvc-based color stream
2019-10-08 02:44:56,256 ERROR [orbbec.ni.LibuvcColorStream] unable to open libuvc device: Busy
2019-10-08 02:44:56,256 ERROR [orbbec.ni.device_streamset] could not open uvc-based color stream
2019-10-08 02:44:56,536 ERROR [orbbec.ni.LibuvcColorStream] unable to open libuvc device: Busy
2019-10-08 02:44:56,536 ERROR [orbbec.ni.device_streamset] could not open uvc-based color stream
2019-10-08 02:44:56,816 ERROR [orbbec.ni.LibuvcColorStream] unable to open libuvc device: Busy
2019-10-08 02:44:56,831 ERROR [orbbec.ni.device_streamset] could not open uvc-based color stream
2019-10-08 02:44:57,111 ERROR [orbbec.ni.LibuvcColorStream] unable to open libuvc device: Busy
2019-10-08 02:44:57,111 ERROR [orbbec.ni.device_streamset] could not open uvc-based color stream
2019-10-08 02:44:57,391 ERROR [orbbec.ni.LibuvcColorStream] unable to open libuvc device: Busy
2019-10-08 02:44:57,391 ERROR [orbbec.ni.device_streamset] could not open uvc-based color stream
2019-10-08 02:44:57,671 ERROR [orbbec.ni.LibuvcColorStream] unable to open libuvc device: Busy
2019-10-08 02:44:57,671 ERROR [orbbec.ni.device_streamset] could not open uvc-based color stream
2019-10-08 02:44:57,952 ERROR [orbbec.ni.LibuvcColorStream] unable to open libuvc device: Busy
2019-10-08 02:44:57,952 ERROR [orbbec.ni.device_streamset] could not open uvc-based color stream
2019-10-08 02:44:58,232 ERROR [orbbec.ni.LibuvcColorStream] unable to open libuvc device: Busy
2019-10-08 02:44:58,232 ERROR [orbbec.ni.device_streamset] could not open uvc-based color stream
2019-10-08 02:44:58,512 ERROR [orbbec.ni.LibuvcColorStream] unable to open libuvc device: Busy
2019-10-08 02:44:58,513 ERROR [orbbec.ni.device_streamset] could not open uvc-based color stream
2019-10-08 02:44:58,793 ERROR [orbbec.ni.LibuvcColorStream] unable to open libuvc device: Busy
2019-10-08 02:44:58,793 ERROR [orbbec.ni.device_streamset] could not open uvc-based color stream
2019-10-08 02:44:59,073 ERROR [orbbec.ni.LibuvcColorStream] unable to open libuvc device: Busy
2019-10-08 02:44:59,073 ERROR [orbbec.ni.device_streamset] could not open uvc-based color stream
2019-10-08 02:44:59,353 ERROR [orbbec.ni.LibuvcColorStream] unable to open libuvc device: Busy
2019-10-08 02:44:59,353 ERROR [orbbec.ni.device_streamset] could not open uvc-based color stream
2019-10-08 02:44:59,634 ERROR [orbbec.ni.LibuvcColorStream] unable to open libuvc device: Busy
2019-10-08 02:44:59,634 ERROR [orbbec.ni.device_streamset] could not open uvc-based color stream
2019-10-08 02:44:59,914 ERROR [orbbec.ni.LibuvcColorStream] unable to open libuvc device: Busy
2019-10-08 02:44:59,914 ERROR [orbbec.ni.device_streamset] could not open uvc-based color stream
2019-10-08 02:45:00,194 ERROR [orbbec.ni.LibuvcColorStream] unable to open libuvc device: Busy
2019-10-08 02:45:00,195 ERROR [orbbec.ni.device_streamset] could not open uvc-based color stream
2019-10-08 02:45:00,475 ERROR [orbbec.ni.LibuvcColorStream] unable to open libuvc device: Busy
2019-10-08 02:45:00,475 ERROR [orbbec.ni.device_streamset] could not open uvc-based color stream
2019-10-08 02:45:00,755 ERROR [orbbec.ni.LibuvcColorStream] unable to open libuvc device: Busy
2019-10-08 02:45:00,755 ERROR [orbbec.ni.device_streamset] could not open uvc-based color stream
2019-10-08 02:45:01,035 ERROR [orbbec.ni.LibuvcColorStream] unable to open libuvc device: Busy
2019-10-08 02:45:01,035 ERROR [orbbec.ni.device_streamset] could not open uvc-based color stream
2019-10-08 02:45:01,316 ERROR [orbbec.ni.LibuvcColorStream] unable to open libuvc device: Busy
2019-10-08 02:45:01,316 ERROR [orbbec.ni.device_streamset] could not open uvc-based color stream
2019-10-08 02:45:01,596 ERROR [orbbec.ni.LibuvcColorStream] unable to open libuvc device: Busy
2019-10-08 02:45:01,596 ERROR [orbbec.ni.device_streamset] could not open uvc-based color stream
2019-10-08 02:45:01,876 ERROR [orbbec.ni.LibuvcColorStream] unable to open libuvc device: Busy
2019-10-08 02:45:01,890 ERROR [orbbec.ni.device_streamset] could not open uvc-based color stream
2019-10-08 02:45:02,171 ERROR [orbbec.ni.LibuvcColorStream] unable to open libuvc device: Busy
2019-10-08 02:45:02,171 ERROR [orbbec.ni.device_streamset] could not open uvc-based color stream
2019-10-08 02:45:02,451 ERROR [orbbec.ni.LibuvcColorStream] unable to open libuvc device: Busy
2019-10-08 02:45:02,451 ERROR [orbbec.ni.device_streamset] could not open uvc-based color stream
2019-10-08 02:45:02,732 ERROR [orbbec.ni.LibuvcColorStream] unable to open libuvc device: Busy
2019-10-08 02:45:02,732 ERROR [orbbec.ni.device_streamset] could not open uvc-based color stream
2019-10-08 02:45:03,012 ERROR [orbbec.ni.LibuvcColorStream] unable to open libuvc device: Busy
2019-10-08 02:45:03,012 ERROR [orbbec.ni.device_streamset] could not open uvc-based color stream
2019-10-08 02:45:03,292 ERROR [orbbec.ni.LibuvcColorStream] unable to open libuvc device: Busy
2019-10-08 02:45:03,292 ERROR [orbbec.ni.device_streamset] could not open uvc-based color stream
2019-10-08 02:45:03,572 ERROR [orbbec.ni.LibuvcColorStream] unable to open libuvc device: Busy
2019-10-08 02:45:03,572 ERROR [orbbec.ni.device_streamset] could not open uvc-based color stream
2019-10-08 02:45:03,852 ERROR [orbbec.ni.LibuvcColorStream] unable to open libuvc device: Busy
2019-10-08 02:45:03,852 ERROR [orbbec.ni.device_streamset] could not open uvc-based color stream
2019-10-08 02:45:04,132 ERROR [orbbec.ni.LibuvcColorStream] unable to open libuvc device: Busy
2019-10-08 02:45:04,132 ERROR [orbbec.ni.device_streamset] could not open uvc-based color stream
2019-10-08 02:45:04,413 ERROR [orbbec.ni.LibuvcColorStream] unable to open libuvc device: Busy
2019-10-08 02:45:04,413 ERROR [orbbec.ni.device_streamset] could not open uvc-based color stream
2019-10-08 02:45:04,693 ERROR [orbbec.ni.LibuvcColorStream] unable to open libuvc device: Busy
2019-10-08 02:45:04,693 ERROR [orbbec.ni.device_streamset] could not open uvc-based color stream
2019-10-08 02:45:04,974 ERROR [orbbec.ni.LibuvcColorStream] unable to open libuvc device: Busy
2019-10-08 02:45:04,974 ERROR [orbbec.ni.device_streamset] could not open uvc-based color stream
2019-10-08 02:45:05,254 ERROR [orbbec.ni.LibuvcColorStream] unable to open libuvc device: Busy
2019-10-08 02:45:05,254 ERROR [orbbec.ni.device_streamset] could not open uvc-based color stream
2019-10-08 02:45:05,535 ERROR [orbbec.ni.LibuvcColorStream] unable to open libuvc device: Busy
2019-10-08 02:45:05,535 ERROR [orbbec.ni.device_streamset] could not open uvc-based color stream
2019-10-08 02:45:05,815 ERROR [orbbec.ni.LibuvcColorStream] unable to open libuvc device: Busy
2019-10-08 02:45:05,815 ERROR [orbbec.ni.device_streamset] could not open uvc-based color stream
2019-10-08 02:45:06,095 ERROR [orbbec.ni.LibuvcColorStream] unable to open libuvc device: Busy
2019-10-08 02:45:06,095 ERROR [orbbec.ni.device_streamset] could not open uvc-based color stream
2019-10-08 02:45:06,375 ERROR [orbbec.ni.LibuvcColorStream] unable to open libuvc device: Busy
2019-10-08 02:45:06,375 ERROR [orbbec.ni.device_streamset] could not open uvc-based color stream
2019-10-08 02:45:06,656 ERROR [orbbec.ni.LibuvcColorStream] unable to open libuvc device: Busy
2019-10-08 02:45:06,656 ERROR [orbbec.ni.device_streamset] could not open uvc-based color stream
2019-10-08 02:45:06,936 ERROR [orbbec.ni.LibuvcColorStream] unable to open libuvc device: Busy
2019-10-08 02:45:06,951 ERROR [orbbec.ni.device_streamset] could not open uvc-based color stream
2019-10-08 02:45:07,231 ERROR [orbbec.ni.LibuvcColorStream] unable to open libuvc device: Busy
2019-10-08 02:45:07,231 ERROR [orbbec.ni.device_streamset] could not open uvc-based color stream
2019-10-08 02:45:07,511 ERROR [orbbec.ni.LibuvcColorStream] unable to open libuvc device: Busy
2019-10-08 02:45:07,511 ERROR [orbbec.ni.device_streamset] could not open uvc-based color stream
2019-10-08 02:45:07,792 ERROR [orbbec.ni.LibuvcColorStream] unable to open libuvc device: Busy
2019-10-08 02:45:07,792 ERROR [orbbec.ni.device_streamset] could not open uvc-based color stream
2019-10-08 02:45:08,072 ERROR [orbbec.ni.LibuvcColorStream] unable to open libuvc device: Busy
2019-10-08 02:45:08,072 ERROR [orbbec.ni.device_streamset] could not open uvc-based color stream
2019-10-08 02:45:08,353 ERROR [orbbec.ni.LibuvcColorStream] unable to open libuvc device: Busy
2019-10-08 02:45:08,353 ERROR [orbbec.ni.device_streamset] could not open uvc-based color stream
2019-10-08 02:45:08,633 ERROR [orbbec.ni.LibuvcColorStream] unable to open libuvc device: Busy
2019-10-08 02:45:08,633 ERROR [orbbec.ni.device_streamset] could not open uvc-based color stream
2019-10-08 02:45:08,914 ERROR [orbbec.ni.LibuvcColorStream] unable to open libuvc device: Busy
2019-10-08 02:45:08,914 ERROR [orbbec.ni.device_streamset] could not open uvc-based color stream
2019-10-08 02:45:09,194 ERROR [orbbec.ni.LibuvcColorStream] unable to open libuvc device: Busy
2019-10-08 02:45:09,194 ERROR [orbbec.ni.device_streamset] could not open uvc-based color stream
2019-10-08 02:45:09,474 ERROR [orbbec.ni.LibuvcColorStream] unable to open libuvc device: Busy
2019-10-08 02:45:09,475 ERROR [orbbec.ni.device_streamset] could not open uvc-based color stream
2019-10-08 02:45:09,755 ERROR [orbbec.ni.LibuvcColorStream] unable to open libuvc device: Busy
2019-10-08 02:45:09,755 ERROR [orbbec.ni.device_streamset] could not open uvc-based color stream
2019-10-08 02:45:10,035 ERROR [orbbec.ni.LibuvcColorStream] unable to open libuvc device: Busy
2019-10-08 02:45:10,035 ERROR [orbbec.ni.device_streamset] could not open uvc-based color stream
2019-10-08 02:45:10,315 ERROR [orbbec.ni.LibuvcColorStream] unable to open libuvc device: Busy
2019-10-08 02:45:10,315 ERROR [orbbec.ni.device_streamset] could not open uvc-based color stream
2019-10-08 02:45:10,596 ERROR [orbbec.ni.LibuvcColorStream] unable to open libuvc device: Busy
2019-10-08 02:45:10,596 ERROR [orbbec.ni.device_streamset] could not open uvc-based color stream
2019-10-08 02:45:10,876 ERROR [orbbec.ni.LibuvcColorStream] unable to open libuvc device: Busy
2019-10-08 02:45:10,876 ERROR [orbbec.ni.device_streamset] could not open uvc-based color stream
2019-10-08 02:45:11,156 ERROR [orbbec.ni.LibuvcColorStream] unable to open libuvc device: Busy
2019-10-08 02:45:11,157 ERROR [orbbec.ni.device_streamset] could not open uvc-based color stream
2019-10-08 02:45:11,437 ERROR [orbbec.ni.LibuvcColorStream] unable to open libuvc device: Busy
2019-10-08 02:45:11,437 ERROR [orbbec.ni.device_streamset] could not open uvc-based color stream
2019-10-08 02:45:11,717 ERROR [orbbec.ni.LibuvcColorStream] unable to open libuvc device: Busy
2019-10-08 02:45:11,717 ERROR [orbbec.ni.device_streamset] could not open uvc-based color stream
2019-10-08 02:45:11,997 ERROR [orbbec.ni.LibuvcColorStream] unable to open libuvc device: Busy
2019-10-08 02:45:12,011 ERROR [orbbec.ni.device_streamset] could not open uvc-based color stream
2019-10-08 02:45:12,292 ERROR [orbbec.ni.LibuvcColorStream] unable to open libuvc device: Busy
2019-10-08 02:45:12,292 ERROR [orbbec.ni.device_streamset] could not open uvc-based color stream
2019-10-08 02:45:12,572 ERROR [orbbec.ni.LibuvcColorStream] unable to open libuvc device: Busy
2019-10-08 02:45:12,572 ERROR [orbbec.ni.device_streamset] could not open uvc-based color stream
2019-10-08 02:45:12,852 ERROR [orbbec.ni.LibuvcColorStream] unable to open libuvc device: Busy
2019-10-08 02:45:12,852 ERROR [orbbec.ni.device_streamset] could not open uvc-based color stream
2019-10-08 02:45:13,133 ERROR [orbbec.ni.LibuvcColorStream] unable to open libuvc device: Busy
2019-10-08 02:45:13,133 ERROR [orbbec.ni.device_streamset] could not open uvc-based color stream
2019-10-08 02:45:13,413 ERROR [orbbec.ni.LibuvcColorStream] unable to open libuvc device: Busy
2019-10-08 02:45:13,413 ERROR [orbbec.ni.device_streamset] could not open uvc-based color stream
2019-10-08 02:45:13,693 ERROR [orbbec.ni.LibuvcColorStream] unable to open libuvc device: Busy
2019-10-08 02:45:13,693 ERROR [orbbec.ni.device_streamset] could not open uvc-based color stream
2019-10-08 02:45:13,974 ERROR [orbbec.ni.LibuvcColorStream] unable to open libuvc device: Busy
2019-10-08 02:45:13,974 ERROR [orbbec.ni.device_streamset] could not open uvc-based color stream
2019-10-08 02:45:14,254 ERROR [orbbec.ni.LibuvcColorStream] unable to open libuvc device: Busy
2019-10-08 02:45:14,254 ERROR [orbbec.ni.device_streamset] could not open uvc-based color stream
2019-10-08 02:45:14,534 ERROR [orbbec.ni.LibuvcColorStream] unable to open libuvc device: Busy
2019-10-08 02:45:14,534 ERROR [orbbec.ni.device_streamset] could not open uvc-based color stream
2019-10-08 02:45:14,815 ERROR [orbbec.ni.LibuvcColorStream] unable to open libuvc device: Busy
2019-10-08 02:45:14,815 ERROR [orbbec.ni.device_streamset] could not open uvc-based color stream
2019-10-08 02:45:15,095 ERROR [orbbec.ni.LibuvcColorStream] unable to open libuvc device: Busy
2019-10-08 02:45:15,095 ERROR [orbbec.ni.device_streamset] could not open uvc-based color stream
2019-10-08 02:45:15,375 ERROR [orbbec.ni.LibuvcColorStream] unable to open libuvc device: Busy
2019-10-08 02:45:15,375 ERROR [orbbec.ni.device_streamset] could not open uvc-based color stream
2019-10-08 02:45:15,655 ERROR [orbbec.ni.LibuvcColorStream] unable to open libuvc device: Busy
2019-10-08 02:45:15,655 ERROR [orbbec.ni.device_streamset] could not open uvc-based color stream
2019-10-08 02:45:15,935 ERROR [orbbec.ni.LibuvcColorStream] unable to open libuvc device: Busy
2019-10-08 02:45:15,935 ERROR [orbbec.ni.device_streamset] could not open uvc-based color stream
2019-10-08 02:45:16,215 ERROR [orbbec.ni.LibuvcColorStream] unable to open libuvc device: Busy
2019-10-08 02:45:16,215 ERROR [orbbec.ni.device_streamset] could not open uvc-based color stream
2019-10-08 02:45:16,496 ERROR [orbbec.ni.LibuvcColorStream] unable to open libuvc device: Busy
2019-10-08 02:45:16,496 ERROR [orbbec.ni.device_streamset] could not open uvc-based color stream
2019-10-08 02:45:16,776 ERROR [orbbec.ni.LibuvcColorStream] unable to open libuvc device: Busy
2019-10-08 02:45:16,776 ERROR [orbbec.ni.device_streamset] could not open uvc-based color stream
2019-10-08 02:45:17,056 ERROR [orbbec.ni.LibuvcColorStream] unable to open libuvc device: Busy
2019-10-08 02:45:17,070 ERROR [orbbec.ni.device_streamset] could not open uvc-based color stream
2019-10-08 02:45:17,351 ERROR [orbbec.ni.LibuvcColorStream] unable to open libuvc device: Busy
2019-10-08 02:45:17,351 ERROR [orbbec.ni.device_streamset] could not open uvc-based color stream
2019-10-08 02:45:17,631 ERROR [orbbec.ni.LibuvcColorStream] unable to open libuvc device: Busy
2019-10-08 02:45:17,631 ERROR [orbbec.ni.device_streamset] could not open uvc-based color stream
2019-10-08 02:45:17,911 ERROR [orbbec.ni.LibuvcColorStream] unable to open libuvc device: Busy
2019-10-08 02:45:17,911 ERROR [orbbec.ni.device_streamset] could not open uvc-based color stream
2019-10-08 02:45:18,191 ERROR [orbbec.ni.LibuvcColorStream] unable to open libuvc device: Busy
2019-10-08 02:45:18,192 ERROR [orbbec.ni.device_streamset] could not open uvc-based color stream
2019-10-08 02:45:18,472 ERROR [orbbec.ni.LibuvcColorStream] unable to open libuvc device: Busy
2019-10-08 02:45:18,472 ERROR [orbbec.ni.device_streamset] could not open uvc-based color stream
2019-10-08 02:45:18,753 ERROR [orbbec.ni.LibuvcColorStream] unable to open libuvc device: Busy
2019-10-08 02:45:18,753 ERROR [orbbec.ni.device_streamset] could not open uvc-based color stream
2019-10-08 02:45:19,033 ERROR [orbbec.ni.LibuvcColorStream] unable to open libuvc device: Busy
2019-10-08 02:45:19,033 ERROR [orbbec.ni.device_streamset] could not open uvc-based color stream
2019-10-08 02:45:19,313 ERROR [orbbec.ni.LibuvcColorStream] unable to open libuvc device: Busy
2019-10-08 02:45:19,313 ERROR [orbbec.ni.device_streamset] could not open uvc-based color stream
2019-10-08 02:45:19,590 ERROR [orbbec.ni.LibuvcColorStream] unable to open libuvc device: Busy
2019-10-08 02:45:19,590 ERROR [orbbec.ni.device_streamset] could not open uvc-based color stream
